<?xml version="1.0" encoding="UTF-8"?>
<testsuite xmlns:xsi="http://www.w3.org/2001/XMLSchema-instance" xsi:noNamespaceSchemaLocation="https://maven.apache.org/surefire/maven-surefire-plugin/xsd/surefire-test-report-3.0.xsd" version="3.0" name="cz.muni.fi.pb162.hw03.StringTemplateTest" time="0.026" tests="9" errors="0" skipped="0" failures="0">
  <properties>
    <property name="java.specification.version" value="17"/>
    <property name="sun.cpu.isalist" value="amd64"/>
    <property name="sun.jnu.encoding" value="Cp1250"/>
    <property name="java.class.path" value="C:\Users\haemk\2023-hw03-templates\target\test-classes;C:\Users\haemk\2023-hw03-templates\target\classes;C:\Users\haemk\.m2\repository\com\beust\jcommander\1.82\jcommander-1.82.jar;C:\Users\haemk\.m2\repository\org\junit\jupiter\junit-jupiter\5.9.1\junit-jupiter-5.9.1.jar;C:\Users\haemk\.m2\repository\org\junit\jupiter\junit-jupiter-api\5.9.1\junit-jupiter-api-5.9.1.jar;C:\Users\haemk\.m2\repository\org\opentest4j\opentest4j\1.2.0\opentest4j-1.2.0.jar;C:\Users\haemk\.m2\repository\org\junit\platform\junit-platform-commons\1.9.1\junit-platform-commons-1.9.1.jar;C:\Users\haemk\.m2\repository\org\apiguardian\apiguardian-api\1.1.2\apiguardian-api-1.1.2.jar;C:\Users\haemk\.m2\repository\org\junit\jupiter\junit-jupiter-params\5.9.1\junit-jupiter-params-5.9.1.jar;C:\Users\haemk\.m2\repository\org\junit\jupiter\junit-jupiter-engine\5.9.1\junit-jupiter-engine-5.9.1.jar;C:\Users\haemk\.m2\repository\org\junit\platform\junit-platform-engine\1.9.1\junit-platform-engine-1.9.1.jar;C:\Users\haemk\.m2\repository\org\assertj\assertj-core\3.24.1\assertj-core-3.24.1.jar;C:\Users\haemk\.m2\repository\net\bytebuddy\byte-buddy\1.12.21\byte-buddy-1.12.21.jar;C:\Users\haemk\.m2\repository\com\github\stefanbirkner\system-lambda\1.2.1\system-lambda-1.2.1.jar;"/>
    <property name="java.vm.vendor" value="Oracle Corporation"/>
    <property name="sun.arch.data.model" value="64"/>
    <property name="user.variant" value=""/>
    <property name="java.vendor.url" value="https://java.oracle.com/"/>
    <property name="user.timezone" value="Europe/Prague"/>
    <property name="os.name" value="Windows 11"/>
    <property name="java.vm.specification.version" value="17"/>
    <property name="sun.java.launcher" value="SUN_STANDARD"/>
    <property name="user.country" value="CZ"/>
    <property name="sun.boot.library.path" value="C:\Program Files\Java\jdk-17\bin"/>
    <property name="sun.java.command" value="C:\Users\haemk\AppData\Local\Temp\surefire7987630375304468971\surefirebooter-20230515180712522_3.jar C:\Users\haemk\AppData\Local\Temp\surefire7987630375304468971 2023-05-15T18-07-12_213-jvmRun1 surefire-20230515180712522_1tmp surefire_0-20230515180712522_2tmp"/>
    <property name="jdk.debug" value="release"/>
    <property name="surefire.test.class.path" value="C:\Users\haemk\2023-hw03-templates\target\test-classes;C:\Users\haemk\2023-hw03-templates\target\classes;C:\Users\haemk\.m2\repository\com\beust\jcommander\1.82\jcommander-1.82.jar;C:\Users\haemk\.m2\repository\org\junit\jupiter\junit-jupiter\5.9.1\junit-jupiter-5.9.1.jar;C:\Users\haemk\.m2\repository\org\junit\jupiter\junit-jupiter-api\5.9.1\junit-jupiter-api-5.9.1.jar;C:\Users\haemk\.m2\repository\org\opentest4j\opentest4j\1.2.0\opentest4j-1.2.0.jar;C:\Users\haemk\.m2\repository\org\junit\platform\junit-platform-commons\1.9.1\junit-platform-commons-1.9.1.jar;C:\Users\haemk\.m2\repository\org\apiguardian\apiguardian-api\1.1.2\apiguardian-api-1.1.2.jar;C:\Users\haemk\.m2\repository\org\junit\jupiter\junit-jupiter-params\5.9.1\junit-jupiter-params-5.9.1.jar;C:\Users\haemk\.m2\repository\org\junit\jupiter\junit-jupiter-engine\5.9.1\junit-jupiter-engine-5.9.1.jar;C:\Users\haemk\.m2\repository\org\junit\platform\junit-platform-engine\1.9.1\junit-platform-engine-1.9.1.jar;C:\Users\haemk\.m2\repository\org\assertj\assertj-core\3.24.1\assertj-core-3.24.1.jar;C:\Users\haemk\.m2\repository\net\bytebuddy\byte-buddy\1.12.21\byte-buddy-1.12.21.jar;C:\Users\haemk\.m2\repository\com\github\stefanbirkner\system-lambda\1.2.1\system-lambda-1.2.1.jar;"/>
    <property name="sun.cpu.endian" value="little"/>
    <property name="user.home" value="C:\Users\haemk"/>
    <property name="user.language" value="cs"/>
    <property name="java.specification.vendor" value="Oracle Corporation"/>
    <property name="java.version.date" value="2023-01-17"/>
    <property name="java.home" value="C:\Program Files\Java\jdk-17"/>
    <property name="file.separator" value="\"/>
    <property name="basedir" value="C:\Users\haemk\2023-hw03-templates"/>
    <property name="java.vm.compressedOopsMode" value="Zero based"/>
    <property name="line.separator" value="&#10;"/>
    <property name="java.vm.specification.vendor" value="Oracle Corporation"/>
    <property name="java.specification.name" value="Java Platform API Specification"/>
    <property name="test.examples.extra" value="C:\Users\haemk\2023-hw03-templates/src/test/resources/extra"/>
    <property name="surefire.real.class.path" value="C:\Users\haemk\AppData\Local\Temp\surefire7987630375304468971\surefirebooter-20230515180712522_3.jar"/>
    <property name="user.script" value=""/>
    <property name="sun.management.compiler" value="HotSpot 64-Bit Tiered Compilers"/>
    <property name="java.runtime.version" value="17.0.6+9-LTS-190"/>
    <property name="user.name" value="haemk"/>
    <property name="path.separator" value=";"/>
    <property name="os.version" value="10.0"/>
    <property name="java.runtime.name" value="Java(TM) SE Runtime Environment"/>
    <property name="file.encoding" value="Cp1250"/>
    <property name="java.vm.name" value="Java HotSpot(TM) 64-Bit Server VM"/>
    <property name="localRepository" value="C:\Users\haemk\.m2\repository"/>
    <property name="java.vendor.url.bug" value="https://bugreport.java.com/bugreport/"/>
    <property name="java.io.tmpdir" value="C:\Users\haemk\AppData\Local\Temp\"/>
    <property name="test.examples" value="C:\Users\haemk\2023-hw03-templates/src/test/resources/examples"/>
    <property name="java.version" value="17.0.6"/>
    <property name="user.dir" value="C:\Users\haemk\2023-hw03-templates"/>
    <property name="os.arch" value="amd64"/>
    <property name="java.vm.specification.name" value="Java Virtual Machine Specification"/>
    <property name="sun.os.patch.level" value=""/>
    <property name="native.encoding" value="Cp1250"/>
    <property name="java.library.path" value="C:\Program Files\Java\jdk-17\bin;C:\WINDOWS\Sun\Java\bin;C:\WINDOWS\system32;C:\WINDOWS;C:\Users\haemk\bin;C:\Program Files\Git\mingw64\bin;C:\Program Files\Git\usr\local\bin;C:\Program Files\Git\usr\bin;C:\Program Files\Git\usr\bin;C:\Program Files\Git\mingw64\bin;C:\Program Files\Git\usr\bin;C:\Users\haemk\bin;C:\Program Files\PuTTY;C:\Program Files\Common Files\Oracle\Java\javapath;C:\Program Files (x86)\Common Files\Oracle\Java\javapath;C:\Program Files\Git\cmd;C:\WINDOWS\system32;C:\WINDOWS;C:\WINDOWS\System32\Wbem;C:\WINDOWS\System32\WindowsPowerShell\v1.0;C:\WINDOWS\System32\OpenSSH;C:\Program Files\Maven\bin;C:\Users\haemk\AppData\Local\Microsoft\WindowsApps;C:\Users\haemk\AppData\Local\Programs\Microsoft VS Code\bin;C:\Program Files\Maven\bin;C:\Program Files\Git\usr\bin\vendor_perl;C:\Program Files\Git\usr\bin\core_perl;."/>
    <property name="java.vm.info" value="mixed mode, sharing"/>
    <property name="java.vendor" value="Oracle Corporation"/>
    <property name="java.vm.version" value="17.0.6+9-LTS-190"/>
    <property name="sun.io.unicode.encoding" value="UnicodeLittle"/>
    <property name="java.class.version" value="61.0"/>
  </properties>
  <testcase name="shouldEvaluatePrint" classname="cz.muni.fi.pb162.hw03.StringTemplateTest" time="0.002"/>
  <testcase name="shouldFailToEvaluateMissingTemplate" classname="cz.muni.fi.pb162.hw03.StringTemplateTest" time="0.002"/>
  <testcase name="shouldListTemplatesLoadedFromString" classname="cz.muni.fi.pb162.hw03.StringTemplateTest" time="0.001"/>
  <testcase name="shouldEvaluateIf" classname="cz.muni.fi.pb162.hw03.StringTemplateTest" time="0.002"/>
  <testcase name="shouldOverrideTemplate" classname="cz.muni.fi.pb162.hw03.StringTemplateTest" time="0.003"/>
  <testcase name="shouldFailToLoadMalformedTemplate" classname="cz.muni.fi.pb162.hw03.StringTemplateTest" time="0.003"/>
  <testcase name="shouldEvaluatedComplexTemplate" classname="cz.muni.fi.pb162.hw03.StringTemplateTest" time="0.001"/>
  <testcase name="shouldEvaluateFor" classname="cz.muni.fi.pb162.hw03.StringTemplateTest" time="0.001"/>
  <testcase name="shouldEvaluateNestedCondition" classname="cz.muni.fi.pb162.hw03.StringTemplateTest" time="0"/>
</testsuite>